<?xml version="1.0" encoding="UTF-8"?>
<!-- Generated by org.testng.reporters.JUnitXMLReporter -->
<testsuite ignored="0" hostname="DESKTOP-31G6RU9" failures="0" tests="4" name="Test" time="240.717" errors="0" timestamp="2024-01-25T23:12:15 IST">
  <testcase classname="com.snl.basicproject.MyTest1" name="TotalLink" time="20.191"/>
  <testcase classname="com.snl.basicproject.MyTest1" name="verifyTitle" time="0.084"/>
  <testcase classname="com.snl.basicproject.MyTest1" name="verifygmaiLink" time="2.053"/>
  <testcase classname="com.snl.basicproject.MyTest1" name="verifylogoimg" time="0.42"/>
</testsuite> <!-- Test -->
