<?xml version="1.0" encoding="UTF-8"?>
<!-- Generated by org.testng.reporters.JUnitXMLReporter -->
<testsuite ignored="3" hostname="DESKTOP-31G6RU9" failures="0" tests="1" name="Default test" time="38.047" errors="0" timestamp="2024-01-25T22:26:21 IST">
  <testcase classname="com.snl.basicproject.MyTest1" name="TotalLink" time="20.053"/>
  <testcase classname="com.snl.basicproject.MyTest1" name="verifyTitle" time="0.0">
    <ignored/>
  </testcase> <!-- verifyTitle -->
  <testcase classname="com.snl.basicproject.MyTest1" name="verifygmaiLink" time="0.0">
    <ignored/>
  </testcase> <!-- verifygmaiLink -->
  <testcase classname="com.snl.basicproject.MyTest1" name="verifylogoimg" time="0.0">
    <ignored/>
  </testcase> <!-- verifylogoimg -->
</testsuite> <!-- Default test -->
